The target system is: Generic -  - 
The host system is: Linux - 6.5.0-15-generic - x86_64
Compiling the C compiler identification source file "CMakeCCompilerId.c" succeeded.
Compiler: /home/tungchiahui/.vcpkg/artifacts/fd3d78d7/compilers.arm.armclang/6.21.0/bin/armclang 
Build flags: -mcpu=Cortex-M3;-mfpu=none
Id flags: --target=arm-arm-none-eabi;-mcpu=cortex-m3 

The output was:
0


Compilation of the C compiler identification source "CMakeCCompilerId.c" produced "a.out"

The C compiler identification is ARMClang, found in "/media/tungchiahui/6A0A73946EE82411/UserFolder/XiaomiCloud/Work/Source/STM32_Projects/N45_MDK6_CPP_Linux/MDK-ARM/tmp/Template/Template/CMakeFiles/3.25.2/CompilerIdC/a.out"

Compiling the CXX compiler identification source file "CMakeCXXCompilerId.cpp" succeeded.
Compiler: /home/tungchiahui/.vcpkg/artifacts/fd3d78d7/compilers.arm.armclang/6.21.0/bin/armclang 
Build flags: -mcpu=Cortex-M3;-mfpu=none
Id flags: --target=arm-arm-none-eabi;-mcpu=cortex-m3 

The output was:
0


Compilation of the CXX compiler identification source "CMakeCXXCompilerId.cpp" produced "a.out"

The CXX compiler identification is ARMClang, found in "/media/tungchiahui/6A0A73946EE82411/UserFolder/XiaomiCloud/Work/Source/STM32_Projects/N45_MDK6_CPP_Linux/MDK-ARM/tmp/Template/Template/CMakeFiles/3.25.2/CompilerIdCXX/a.out"

Detecting C compiler ABI info compiled with the following output:
Change Dir: /media/tungchiahui/6A0A73946EE82411/UserFolder/XiaomiCloud/Work/Source/STM32_Projects/N45_MDK6_CPP_Linux/MDK-ARM/tmp/Template/Template/CMakeFiles/CMakeScratch/TryCompile-39JLlu

Run Build Command(s):/home/tungchiahui/.vcpkg/artifacts/vcpkg-ce-default/tools.ninja.build.ninja/1.10.2/ninja cmTC_ae33d && [1/2] Building C object CMakeFiles/cmTC_ae33d.dir/CMakeCCompilerABI.o
Product: Keil MDK Community
Component: Arm Compiler for Embedded 6.21
Tool: armclang [5ec1f900]

Target: arm-arm-none-eabi
 (in-process)
 "/home/tungchiahui/.vcpkg/artifacts/fd3d78d7/compilers.arm.armclang/6.21.0/bin/armclang" -cc1 -triple thumbv7m-arm-none-eabi -emit-obj -mrelax-all -disable-free -clear-ast-before-backend -disable-llvm-verifier -discard-value-names -main-file-name CMakeCCompilerABI.c -mrelocation-model static -mframe-pointer=none -menable-no-infs -menable-no-nans -fmath-errno -fno-signed-zeros -fdenormal-fp-math=preserve-sign,preserve-sign -ffp-contract=on -fno-rounding-math -ffinite-math-only -mconstructor-aliases -target-cpu cortex-m3 -target-feature +soft-float-abi -target-feature -vfp2 -target-feature -vfp2sp -target-feature -vfp3 -target-feature -vfp3d16 -target-feature -vfp3d16sp -target-feature -vfp3sp -target-feature -fp16 -target-feature -vfp4 -target-feature -vfp4d16 -target-feature -vfp4d16sp -target-feature -vfp4sp -target-feature -fp-armv8 -target-feature -fp-armv8d16 -target-feature -fp-armv8d16sp -target-feature -fp-armv8sp -target-feature -fullfp16 -target-feature -fp64 -target-feature -d32 -target-feature -neon -target-feature -sha2 -target-feature -aes -target-feature -dotprod -target-feature -fp16fml -target-feature -bf16 -target-feature -mve.fp -target-feature -fpregs -target-abi aapcs -mfloat-abi soft -debugger-tuning=gdb -fforce-dwarf-frame -fdebug-compilation-dir=/media/tungchiahui/6A0A73946EE82411/UserFolder/XiaomiCloud/Work/Source/STM32_Projects/N45_MDK6_CPP_Linux/MDK-ARM/tmp/Template/Template/CMakeFiles/CMakeScratch/TryCompile-39JLlu -v -ffunction-sections -fdata-sections -fcoverage-compilation-dir=/media/tungchiahui/6A0A73946EE82411/UserFolder/XiaomiCloud/Work/Source/STM32_Projects/N45_MDK6_CPP_Linux/MDK-ARM/tmp/Template/Template/CMakeFiles/CMakeScratch/TryCompile-39JLlu -resource-dir /home/tungchiahui/.vcpkg/artifacts/fd3d78d7/compilers.arm.armclang/6.21.0/lib/clang/18 -dependency-file CMakeFiles/cmTC_ae33d.dir/CMakeCCompilerABI.o.d -MT CMakeFiles/cmTC_ae33d.dir/CMakeCCompilerABI.o -sys-header-deps -canonical-system-headers -internal-isystem /home/tungchiahui/.vcpkg/artifacts/fd3d78d7/compilers.arm.armclang/6.21.0/bin/../include -nobuiltininc -ferror-limit 19 -fvisibility=hidden -fno-signed-char -fgnuc-version=4.2.1 -fsuppress-licensing -aggressive-jump-threading -o CMakeFiles/cmTC_ae33d.dir/CMakeCCompilerABI.o -x c /home/tungchiahui/.vcpkg/artifacts/vcpkg-ce-default/tools.kitware.cmake/3.25.2/share/cmake-3.25/Modules/CMakeCCompilerABI.c
Arm Compiler for Embedded 6.21 -cc1 default target aarch64-arm-none-eabi
#include "..." search starts here:
#include <...> search starts here:
 /home/tungchiahui/.vcpkg/artifacts/fd3d78d7/compilers.arm.armclang/6.21.0/bin/../include
End of search list.
[2/2] Linking C static library libcmTC_ae33d.a



Parsed C implicit include dir info from above output: rv=done
  found start of include info
  found start of implicit include info
    add: [/home/tungchiahui/.vcpkg/artifacts/fd3d78d7/compilers.arm.armclang/6.21.0/bin/../include]
  end of search list found
  collapse include dir [/home/tungchiahui/.vcpkg/artifacts/fd3d78d7/compilers.arm.armclang/6.21.0/bin/../include] ==> [/home/tungchiahui/.vcpkg/artifacts/fd3d78d7/compilers.arm.armclang/6.21.0/include]
  implicit include dirs: [/home/tungchiahui/.vcpkg/artifacts/fd3d78d7/compilers.arm.armclang/6.21.0/include]


Parsed C implicit link information from above output:
  link line regex: [^( *|.*[/\])(armlink|CMAKE_LINK_STARTFILE-NOTFOUND|([^/\]+-)?ld|collect2)[^/\]*( |$)]
  ignore line: [Change Dir: /media/tungchiahui/6A0A73946EE82411/UserFolder/XiaomiCloud/Work/Source/STM32_Projects/N45_MDK6_CPP_Linux/MDK-ARM/tmp/Template/Template/CMakeFiles/CMakeScratch/TryCompile-39JLlu]
  ignore line: []
  ignore line: [Run Build Command(s):/home/tungchiahui/.vcpkg/artifacts/vcpkg-ce-default/tools.ninja.build.ninja/1.10.2/ninja cmTC_ae33d && [1/2] Building C object CMakeFiles/cmTC_ae33d.dir/CMakeCCompilerABI.o]
  ignore line: [Product: Keil MDK Community]
  ignore line: [Component: Arm Compiler for Embedded 6.21]
  ignore line: [Tool: armclang [5ec1f900]]
  ignore line: []
  ignore line: [Target: arm-arm-none-eabi]
  ignore line: [ (in-process)]
  ignore line: [ "/home/tungchiahui/.vcpkg/artifacts/fd3d78d7/compilers.arm.armclang/6.21.0/bin/armclang" -cc1 -triple thumbv7m-arm-none-eabi -emit-obj -mrelax-all -disable-free -clear-ast-before-backend -disable-llvm-verifier -discard-value-names -main-file-name CMakeCCompilerABI.c -mrelocation-model static -mframe-pointer=none -menable-no-infs -menable-no-nans -fmath-errno -fno-signed-zeros -fdenormal-fp-math=preserve-sign preserve-sign -ffp-contract=on -fno-rounding-math -ffinite-math-only -mconstructor-aliases -target-cpu cortex-m3 -target-feature +soft-float-abi -target-feature -vfp2 -target-feature -vfp2sp -target-feature -vfp3 -target-feature -vfp3d16 -target-feature -vfp3d16sp -target-feature -vfp3sp -target-feature -fp16 -target-feature -vfp4 -target-feature -vfp4d16 -target-feature -vfp4d16sp -target-feature -vfp4sp -target-feature -fp-armv8 -target-feature -fp-armv8d16 -target-feature -fp-armv8d16sp -target-feature -fp-armv8sp -target-feature -fullfp16 -target-feature -fp64 -target-feature -d32 -target-feature -neon -target-feature -sha2 -target-feature -aes -target-feature -dotprod -target-feature -fp16fml -target-feature -bf16 -target-feature -mve.fp -target-feature -fpregs -target-abi aapcs -mfloat-abi soft -debugger-tuning=gdb -fforce-dwarf-frame -fdebug-compilation-dir=/media/tungchiahui/6A0A73946EE82411/UserFolder/XiaomiCloud/Work/Source/STM32_Projects/N45_MDK6_CPP_Linux/MDK-ARM/tmp/Template/Template/CMakeFiles/CMakeScratch/TryCompile-39JLlu -v -ffunction-sections -fdata-sections -fcoverage-compilation-dir=/media/tungchiahui/6A0A73946EE82411/UserFolder/XiaomiCloud/Work/Source/STM32_Projects/N45_MDK6_CPP_Linux/MDK-ARM/tmp/Template/Template/CMakeFiles/CMakeScratch/TryCompile-39JLlu -resource-dir /home/tungchiahui/.vcpkg/artifacts/fd3d78d7/compilers.arm.armclang/6.21.0/lib/clang/18 -dependency-file CMakeFiles/cmTC_ae33d.dir/CMakeCCompilerABI.o.d -MT CMakeFiles/cmTC_ae33d.dir/CMakeCCompilerABI.o -sys-header-deps -canonical-system-headers -internal-isystem /home/tungchiahui/.vcpkg/artifacts/fd3d78d7/compilers.arm.armclang/6.21.0/bin/../include -nobuiltininc -ferror-limit 19 -fvisibility=hidden -fno-signed-char -fgnuc-version=4.2.1 -fsuppress-licensing -aggressive-jump-threading -o CMakeFiles/cmTC_ae33d.dir/CMakeCCompilerABI.o -x c /home/tungchiahui/.vcpkg/artifacts/vcpkg-ce-default/tools.kitware.cmake/3.25.2/share/cmake-3.25/Modules/CMakeCCompilerABI.c]
  ignore line: [Arm Compiler for Embedded 6.21 -cc1 default target aarch64-arm-none-eabi]
  ignore line: [#include "..." search starts here:]
  ignore line: [#include <...> search starts here:]
  ignore line: [ /home/tungchiahui/.vcpkg/artifacts/fd3d78d7/compilers.arm.armclang/6.21.0/bin/../include]
  ignore line: [End of search list.]
  ignore line: [[2/2] Linking C static library libcmTC_ae33d.a]
  ignore line: []
  ignore line: []
  implicit libs: []
  implicit objs: []
  implicit dirs: []
  implicit fwks: []


Detecting CXX compiler ABI info compiled with the following output:
Change Dir: /media/tungchiahui/6A0A73946EE82411/UserFolder/XiaomiCloud/Work/Source/STM32_Projects/N45_MDK6_CPP_Linux/MDK-ARM/tmp/Template/Template/CMakeFiles/CMakeScratch/TryCompile-sfUqJN

Run Build Command(s):/home/tungchiahui/.vcpkg/artifacts/vcpkg-ce-default/tools.ninja.build.ninja/1.10.2/ninja cmTC_16974 && [1/2] Building CXX object CMakeFiles/cmTC_16974.dir/CMakeCXXCompilerABI.o
Product: Keil MDK Community
Component: Arm Compiler for Embedded 6.21
Tool: armclang [5ec1f900]

Target: arm-arm-none-eabi
 (in-process)
 "/home/tungchiahui/.vcpkg/artifacts/fd3d78d7/compilers.arm.armclang/6.21.0/bin/armclang" -cc1 -triple thumbv7m-arm-none-eabi -emit-obj -mrelax-all -disable-free -clear-ast-before-backend -disable-llvm-verifier -discard-value-names -main-file-name CMakeCXXCompilerABI.cpp -Werror=return-type -mrelocation-model static -mframe-pointer=none -menable-no-infs -menable-no-nans -fmath-errno -fno-signed-zeros -fdenormal-fp-math=preserve-sign,preserve-sign -ffp-contract=on -fno-rounding-math -ffinite-math-only -mconstructor-aliases -target-cpu cortex-m3 -target-feature +soft-float-abi -target-feature -vfp2 -target-feature -vfp2sp -target-feature -vfp3 -target-feature -vfp3d16 -target-feature -vfp3d16sp -target-feature -vfp3sp -target-feature -fp16 -target-feature -vfp4 -target-feature -vfp4d16 -target-feature -vfp4d16sp -target-feature -vfp4sp -target-feature -fp-armv8 -target-feature -fp-armv8d16 -target-feature -fp-armv8d16sp -target-feature -fp-armv8sp -target-feature -fullfp16 -target-feature -fp64 -target-feature -d32 -target-feature -neon -target-feature -sha2 -target-feature -aes -target-feature -dotprod -target-feature -fp16fml -target-feature -bf16 -target-feature -mve.fp -target-feature -fpregs -target-abi aapcs -mfloat-abi soft -debugger-tuning=gdb -fforce-dwarf-frame -fdebug-compilation-dir=/media/tungchiahui/6A0A73946EE82411/UserFolder/XiaomiCloud/Work/Source/STM32_Projects/N45_MDK6_CPP_Linux/MDK-ARM/tmp/Template/Template/CMakeFiles/CMakeScratch/TryCompile-sfUqJN -v -ffunction-sections -fdata-sections -fcoverage-compilation-dir=/media/tungchiahui/6A0A73946EE82411/UserFolder/XiaomiCloud/Work/Source/STM32_Projects/N45_MDK6_CPP_Linux/MDK-ARM/tmp/Template/Template/CMakeFiles/CMakeScratch/TryCompile-sfUqJN -resource-dir /home/tungchiahui/.vcpkg/artifacts/fd3d78d7/compilers.arm.armclang/6.21.0/lib/clang/18 -dependency-file CMakeFiles/cmTC_16974.dir/CMakeCXXCompilerABI.o.d -MT CMakeFiles/cmTC_16974.dir/CMakeCXXCompilerABI.o -sys-header-deps -canonical-system-headers -D__ARMCOMPILER_LIBCXX=1 -internal-isystem /home/tungchiahui/.vcpkg/artifacts/fd3d78d7/compilers.arm.armclang/6.21.0/bin/../include/libcxx -internal-isystem /home/tungchiahui/.vcpkg/artifacts/fd3d78d7/compilers.arm.armclang/6.21.0/bin/../include -nobuiltininc -fdeprecated-macro -ferror-limit 19 -fvisibility=hidden -fno-signed-char -fgnuc-version=4.2.1 -fcxx-exceptions -fexceptions -fsuppress-licensing -aggressive-jump-threading -D__GCC_HAVE_DWARF2_CFI_ASM=1 -o CMakeFiles/cmTC_16974.dir/CMakeCXXCompilerABI.o -x c++ /home/tungchiahui/.vcpkg/artifacts/vcpkg-ce-default/tools.kitware.cmake/3.25.2/share/cmake-3.25/Modules/CMakeCXXCompilerABI.cpp
Arm Compiler for Embedded 6.21 -cc1 default target aarch64-arm-none-eabi
#include "..." search starts here:
#include <...> search starts here:
 /home/tungchiahui/.vcpkg/artifacts/fd3d78d7/compilers.arm.armclang/6.21.0/bin/../include/libcxx
 /home/tungchiahui/.vcpkg/artifacts/fd3d78d7/compilers.arm.armclang/6.21.0/bin/../include
End of search list.
[2/2] Linking CXX static library libcmTC_16974.a



Parsed CXX implicit include dir info from above output: rv=done
  found start of include info
  found start of implicit include info
    add: [/home/tungchiahui/.vcpkg/artifacts/fd3d78d7/compilers.arm.armclang/6.21.0/bin/../include/libcxx]
    add: [/home/tungchiahui/.vcpkg/artifacts/fd3d78d7/compilers.arm.armclang/6.21.0/bin/../include]
  end of search list found
  collapse include dir [/home/tungchiahui/.vcpkg/artifacts/fd3d78d7/compilers.arm.armclang/6.21.0/bin/../include/libcxx] ==> [/home/tungchiahui/.vcpkg/artifacts/fd3d78d7/compilers.arm.armclang/6.21.0/include/libcxx]
  collapse include dir [/home/tungchiahui/.vcpkg/artifacts/fd3d78d7/compilers.arm.armclang/6.21.0/bin/../include] ==> [/home/tungchiahui/.vcpkg/artifacts/fd3d78d7/compilers.arm.armclang/6.21.0/include]
  implicit include dirs: [/home/tungchiahui/.vcpkg/artifacts/fd3d78d7/compilers.arm.armclang/6.21.0/include/libcxx;/home/tungchiahui/.vcpkg/artifacts/fd3d78d7/compilers.arm.armclang/6.21.0/include]


Parsed CXX implicit link information from above output:
  link line regex: [^( *|.*[/\])(armlink|CMAKE_LINK_STARTFILE-NOTFOUND|([^/\]+-)?ld|collect2)[^/\]*( |$)]
  ignore line: [Change Dir: /media/tungchiahui/6A0A73946EE82411/UserFolder/XiaomiCloud/Work/Source/STM32_Projects/N45_MDK6_CPP_Linux/MDK-ARM/tmp/Template/Template/CMakeFiles/CMakeScratch/TryCompile-sfUqJN]
  ignore line: []
  ignore line: [Run Build Command(s):/home/tungchiahui/.vcpkg/artifacts/vcpkg-ce-default/tools.ninja.build.ninja/1.10.2/ninja cmTC_16974 && [1/2] Building CXX object CMakeFiles/cmTC_16974.dir/CMakeCXXCompilerABI.o]
  ignore line: [Product: Keil MDK Community]
  ignore line: [Component: Arm Compiler for Embedded 6.21]
  ignore line: [Tool: armclang [5ec1f900]]
  ignore line: []
  ignore line: [Target: arm-arm-none-eabi]
  ignore line: [ (in-process)]
  ignore line: [ "/home/tungchiahui/.vcpkg/artifacts/fd3d78d7/compilers.arm.armclang/6.21.0/bin/armclang" -cc1 -triple thumbv7m-arm-none-eabi -emit-obj -mrelax-all -disable-free -clear-ast-before-backend -disable-llvm-verifier -discard-value-names -main-file-name CMakeCXXCompilerABI.cpp -Werror=return-type -mrelocation-model static -mframe-pointer=none -menable-no-infs -menable-no-nans -fmath-errno -fno-signed-zeros -fdenormal-fp-math=preserve-sign preserve-sign -ffp-contract=on -fno-rounding-math -ffinite-math-only -mconstructor-aliases -target-cpu cortex-m3 -target-feature +soft-float-abi -target-feature -vfp2 -target-feature -vfp2sp -target-feature -vfp3 -target-feature -vfp3d16 -target-feature -vfp3d16sp -target-feature -vfp3sp -target-feature -fp16 -target-feature -vfp4 -target-feature -vfp4d16 -target-feature -vfp4d16sp -target-feature -vfp4sp -target-feature -fp-armv8 -target-feature -fp-armv8d16 -target-feature -fp-armv8d16sp -target-feature -fp-armv8sp -target-feature -fullfp16 -target-feature -fp64 -target-feature -d32 -target-feature -neon -target-feature -sha2 -target-feature -aes -target-feature -dotprod -target-feature -fp16fml -target-feature -bf16 -target-feature -mve.fp -target-feature -fpregs -target-abi aapcs -mfloat-abi soft -debugger-tuning=gdb -fforce-dwarf-frame -fdebug-compilation-dir=/media/tungchiahui/6A0A73946EE82411/UserFolder/XiaomiCloud/Work/Source/STM32_Projects/N45_MDK6_CPP_Linux/MDK-ARM/tmp/Template/Template/CMakeFiles/CMakeScratch/TryCompile-sfUqJN -v -ffunction-sections -fdata-sections -fcoverage-compilation-dir=/media/tungchiahui/6A0A73946EE82411/UserFolder/XiaomiCloud/Work/Source/STM32_Projects/N45_MDK6_CPP_Linux/MDK-ARM/tmp/Template/Template/CMakeFiles/CMakeScratch/TryCompile-sfUqJN -resource-dir /home/tungchiahui/.vcpkg/artifacts/fd3d78d7/compilers.arm.armclang/6.21.0/lib/clang/18 -dependency-file CMakeFiles/cmTC_16974.dir/CMakeCXXCompilerABI.o.d -MT CMakeFiles/cmTC_16974.dir/CMakeCXXCompilerABI.o -sys-header-deps -canonical-system-headers -D__ARMCOMPILER_LIBCXX=1 -internal-isystem /home/tungchiahui/.vcpkg/artifacts/fd3d78d7/compilers.arm.armclang/6.21.0/bin/../include/libcxx -internal-isystem /home/tungchiahui/.vcpkg/artifacts/fd3d78d7/compilers.arm.armclang/6.21.0/bin/../include -nobuiltininc -fdeprecated-macro -ferror-limit 19 -fvisibility=hidden -fno-signed-char -fgnuc-version=4.2.1 -fcxx-exceptions -fexceptions -fsuppress-licensing -aggressive-jump-threading -D__GCC_HAVE_DWARF2_CFI_ASM=1 -o CMakeFiles/cmTC_16974.dir/CMakeCXXCompilerABI.o -x c++ /home/tungchiahui/.vcpkg/artifacts/vcpkg-ce-default/tools.kitware.cmake/3.25.2/share/cmake-3.25/Modules/CMakeCXXCompilerABI.cpp]
  ignore line: [Arm Compiler for Embedded 6.21 -cc1 default target aarch64-arm-none-eabi]
  ignore line: [#include "..." search starts here:]
  ignore line: [#include <...> search starts here:]
  ignore line: [ /home/tungchiahui/.vcpkg/artifacts/fd3d78d7/compilers.arm.armclang/6.21.0/bin/../include/libcxx]
  ignore line: [ /home/tungchiahui/.vcpkg/artifacts/fd3d78d7/compilers.arm.armclang/6.21.0/bin/../include]
  ignore line: [End of search list.]
  ignore line: [[2/2] Linking CXX static library libcmTC_16974.a]
  ignore line: []
  ignore line: []
  implicit libs: []
  implicit objs: []
  implicit dirs: []
  implicit fwks: []




Detecting CXX [] compiler features compiled with the following output:
Change Dir: /media/tungchiahui/6A0A73946EE82411/UserFolder/XiaomiCloud/Work/Source/STM32_Projects/N45_MDK6_CPP_Linux/MDK-ARM/tmp/Template/Template/CMakeFiles/CMakeScratch/TryCompile-4kVteU

Run Build Command(s):/home/tungchiahui/.vcpkg/artifacts/vcpkg-ce-default/tools.ninja.build.ninja/1.10.2/ninja cmTC_45133 && [1/2] Building CXX object CMakeFiles/cmTC_45133.dir/feature_tests.o
[2/2] Linking CXX static library libcmTC_45133.a



    Feature record: CXX_FEATURE:1cxx_template_template_parameters
    Feature record: CXX_FEATURE:1cxx_alias_templates
    Feature record: CXX_FEATURE:1cxx_alignas
    Feature record: CXX_FEATURE:1cxx_alignof
    Feature record: CXX_FEATURE:1cxx_attributes
    Feature record: CXX_FEATURE:1cxx_auto_type
    Feature record: CXX_FEATURE:1cxx_constexpr
    Feature record: CXX_FEATURE:1cxx_decltype
    Feature record: CXX_FEATURE:1cxx_decltype_incomplete_return_types
    Feature record: CXX_FEATURE:1cxx_default_function_template_args
    Feature record: CXX_FEATURE:1cxx_defaulted_functions
    Feature record: CXX_FEATURE:1cxx_defaulted_move_initializers
    Feature record: CXX_FEATURE:1cxx_delegating_constructors
    Feature record: CXX_FEATURE:1cxx_deleted_functions
    Feature record: CXX_FEATURE:1cxx_enum_forward_declarations
    Feature record: CXX_FEATURE:1cxx_explicit_conversions
    Feature record: CXX_FEATURE:1cxx_extended_friend_declarations
    Feature record: CXX_FEATURE:1cxx_extern_templates
    Feature record: CXX_FEATURE:1cxx_final
    Feature record: CXX_FEATURE:1cxx_func_identifier
    Feature record: CXX_FEATURE:1cxx_generalized_initializers
    Feature record: CXX_FEATURE:1cxx_inheriting_constructors
    Feature record: CXX_FEATURE:1cxx_inline_namespaces
    Feature record: CXX_FEATURE:1cxx_lambdas
    Feature record: CXX_FEATURE:1cxx_local_type_template_args
    Feature record: CXX_FEATURE:1cxx_long_long_type
    Feature record: CXX_FEATURE:1cxx_noexcept
    Feature record: CXX_FEATURE:1cxx_nonstatic_member_init
    Feature record: CXX_FEATURE:1cxx_nullptr
    Feature record: CXX_FEATURE:1cxx_override
    Feature record: CXX_FEATURE:1cxx_range_for
    Feature record: CXX_FEATURE:1cxx_raw_string_literals
    Feature record: CXX_FEATURE:1cxx_reference_qualified_functions
    Feature record: CXX_FEATURE:1cxx_right_angle_brackets
    Feature record: CXX_FEATURE:1cxx_rvalue_references
    Feature record: CXX_FEATURE:1cxx_sizeof_member
    Feature record: CXX_FEATURE:1cxx_static_assert
    Feature record: CXX_FEATURE:1cxx_strong_enums
    Feature record: CXX_FEATURE:1cxx_thread_local
    Feature record: CXX_FEATURE:1cxx_trailing_return_types
    Feature record: CXX_FEATURE:1cxx_unicode_literals
    Feature record: CXX_FEATURE:1cxx_uniform_initialization
    Feature record: CXX_FEATURE:1cxx_unrestricted_unions
    Feature record: CXX_FEATURE:1cxx_user_literals
    Feature record: CXX_FEATURE:1cxx_variadic_macros
    Feature record: CXX_FEATURE:1cxx_variadic_templates
    Feature record: CXX_FEATURE:1cxx_aggregate_default_initializers
    Feature record: CXX_FEATURE:1cxx_attribute_deprecated
    Feature record: CXX_FEATURE:1cxx_binary_literals
    Feature record: CXX_FEATURE:1cxx_contextual_conversions
    Feature record: CXX_FEATURE:1cxx_decltype_auto
    Feature record: CXX_FEATURE:1cxx_digit_separators
    Feature record: CXX_FEATURE:1cxx_generic_lambdas
    Feature record: CXX_FEATURE:1cxx_lambda_init_captures
    Feature record: CXX_FEATURE:1cxx_relaxed_constexpr
    Feature record: CXX_FEATURE:1cxx_return_type_deduction
    Feature record: CXX_FEATURE:1cxx_variable_templates
